c:\users\rdiko\source\repos\wxwidgets\wxwidgets\x64\debug\pch.pch
c:\users\rdiko\source\repos\wxwidgets\wxwidgets\x64\debug\vc143.pdb
c:\users\rdiko\source\repos\wxwidgets\wxwidgets\x64\debug\vc143.idb
c:\users\rdiko\source\repos\wxwidgets\wxwidgets\x64\debug\pch.obj
c:\users\rdiko\source\repos\wxwidgets\wxwidgets\x64\debug\vecmat.obj
c:\users\rdiko\source\repos\wxwidgets\wxwidgets\x64\debug\source.obj
c:\users\rdiko\source\repos\wxwidgets\wxwidgets\x64\debug\guimyframe1.obj
c:\users\rdiko\source\repos\wxwidgets\wxwidgets\x64\debug\gui.obj
c:\users\rdiko\source\repos\wxwidgets\wxwidgets\x64\debug\configclass.obj
c:\users\rdiko\source\repos\wxwidgets\wxwidgets\x64\debug\chartclass.obj
c:\users\rdiko\source\repos\wxwidgets\x64\debug\wxbase331ud_vc_x64_custom.dll
c:\users\rdiko\source\repos\wxwidgets\x64\debug\zlibd1.dll
c:\users\rdiko\source\repos\wxwidgets\x64\debug\pcre2-16d.dll
c:\users\rdiko\source\repos\wxwidgets\x64\debug\wxmsw331ud_core_vc_x64_custom.dll
c:\users\rdiko\source\repos\wxwidgets\x64\debug\jpeg62.dll
c:\users\rdiko\source\repos\wxwidgets\x64\debug\libpng16d.dll
c:\users\rdiko\source\repos\wxwidgets\x64\debug\tiffd.dll
c:\users\rdiko\source\repos\wxwidgets\x64\debug\liblzma.dll
c:\users\rdiko\source\repos\wxwidgets\x64\debug\libwebpdecoder.dll
c:\users\rdiko\source\repos\wxwidgets\x64\debug\libwebp.dll
c:\users\rdiko\source\repos\wxwidgets\x64\debug\libsharpyuv.dll
c:\users\rdiko\source\repos\wxwidgets\x64\debug\libwebpdemux.dll
c:\users\rdiko\source\repos\wxwidgets\wxwidgets\x64\debug\wxwidgets.ilk
c:\users\rdiko\source\repos\wxwidgets\wxwidgets\x64\debug\main.obj
c:\users\rdiko\source\repos\wxwidgets\wxwidgets\x64\debug\main.obj.enc
c:\users\rdiko\source\repos\wxwidgets\wxwidgets\x64\debug\wxwidgets.vcxproj.cppwinrt_comp.rsp
c:\users\rdiko\source\repos\wxwidgets\wxwidgets\x64\debug\wxwidgets.vcxproj.cppwinrt_plat.rsp
c:\users\rdiko\source\repos\wxwidgets\wxwidgets\x64\debug\wxwidgets.vcxproj.mdmerge.rsp
c:\users\rdiko\source\repos\wxwidgets\wxwidgets\x64\debug\wxwidgets.vcxproj.midlrt.rsp
c:\users\rdiko\source\repos\wxwidgets\x64\debug\wxwidgets.pdb
c:\users\rdiko\source\repos\wxwidgets\wxwidgets\x64\debug\wxwidgets.tlog\cl.command.1.tlog
c:\users\rdiko\source\repos\wxwidgets\wxwidgets\x64\debug\wxwidgets.tlog\cl.items.tlog
c:\users\rdiko\source\repos\wxwidgets\wxwidgets\x64\debug\wxwidgets.tlog\cl.read.1.tlog
c:\users\rdiko\source\repos\wxwidgets\wxwidgets\x64\debug\wxwidgets.tlog\cl.write.1.tlog
c:\users\rdiko\source\repos\wxwidgets\wxwidgets\x64\debug\wxwidgets.tlog\link.17172-cvtres.read.1.tlog
c:\users\rdiko\source\repos\wxwidgets\wxwidgets\x64\debug\wxwidgets.tlog\link.17172-cvtres.write.1.tlog
c:\users\rdiko\source\repos\wxwidgets\wxwidgets\x64\debug\wxwidgets.tlog\link.17172-rc.read.1.tlog
c:\users\rdiko\source\repos\wxwidgets\wxwidgets\x64\debug\wxwidgets.tlog\link.17172-rc.write.1.tlog
c:\users\rdiko\source\repos\wxwidgets\wxwidgets\x64\debug\wxwidgets.tlog\link.17172.read.1.tlog
c:\users\rdiko\source\repos\wxwidgets\wxwidgets\x64\debug\wxwidgets.tlog\link.17172.read.2.tlog
c:\users\rdiko\source\repos\wxwidgets\wxwidgets\x64\debug\wxwidgets.tlog\link.17172.write.1.tlog
c:\users\rdiko\source\repos\wxwidgets\wxwidgets\x64\debug\wxwidgets.tlog\link.command.1.tlog
c:\users\rdiko\source\repos\wxwidgets\wxwidgets\x64\debug\wxwidgets.tlog\link.read.1.tlog
c:\users\rdiko\source\repos\wxwidgets\wxwidgets\x64\debug\wxwidgets.tlog\link.secondary.1.tlog
c:\users\rdiko\source\repos\wxwidgets\wxwidgets\x64\debug\wxwidgets.tlog\link.write.1.tlog
c:\users\rdiko\source\repos\wxwidgets\wxwidgets\x64\debug\wxwidgets.tlog\wxwidgets.write.1u.tlog
